<?xml version="1.0" encoding="UTF-8"?>
<testsuite name="chromeTest"
           tests="4"
           failures="1"
           errors="0"
           skipped="0"
           time="76.056">
  <properties />
            <testcase name="passengerComplaint" time="9.329" classname="com.summersoft.ctt.yycx.test.OrderCenter">
                <failure type="org.openqa.selenium.support.ui.UnexpectedTagNameException"
                  message="Element should have been &quot;select&quot; but was &quot;a&quot;
Build info: version: &apos;3.11.0&apos;, revision: &apos;e59cfb3&apos;, time: &apos;2018-03-11T20:26:55.152Z&apos;
System info: host: &apos;EDZ-20171129AOU&apos;, ip: &apos;192.168.56.1&apos;, os.name: &apos;Windows 7&apos;, os.arch: &apos;x86&apos;, os.version: &apos;6.1&apos;, java.version: &apos;1.8.0_144&apos;
Driver info: driver.version: unknown"
              >
<![CDATA[org.openqa.selenium.support.ui.UnexpectedTagNameException: Element should have been "select" but was "a"
Build info: version: '3.11.0', revision: 'e59cfb3', time: '2018-03-11T20:26:55.152Z'
System info: host: 'EDZ-20171129AOU', ip: '192.168.56.1', os.name: 'Windows 7', os.arch: 'x86', os.version: '6.1', java.version: '1.8.0_144'
Driver info: driver.version: unknown
  org.openqa.selenium.support.ui.Select.<init>(Select.java:47)
  com.summersoft.ctt.yycx.test.OrderCenter.passengerComplaint(OrderCenter.java:75)
  sun.reflect.NativeMethodAccessorImpl.invoke0(Native Method)
  sun.reflect.NativeMethodAccessorImpl.invoke(NativeMethodAccessorImpl.java:62)
  sun.reflect.DelegatingMethodAccessorImpl.invoke(DelegatingMethodAccessorImpl.java:43)
  java.lang.reflect.Method.invoke(Method.java:498)
  org.testng.internal.MethodInvocationHelper.invokeMethod(MethodInvocationHelper.java:124)
  org.testng.internal.Invoker.invokeMethod(Invoker.java:571)
  org.testng.internal.Invoker.invokeTestMethod(Invoker.java:707)
  org.testng.internal.Invoker.invokeTestMethods(Invoker.java:979)
  org.testng.internal.TestMethodWorker.invokeTestMethods(TestMethodWorker.java:125)
  org.testng.internal.TestMethodWorker.run(TestMethodWorker.java:109)
  org.testng.TestRunner.privateRun(TestRunner.java:648)
  org.testng.TestRunner.run(TestRunner.java:505)
  org.testng.SuiteRunner.runTest(SuiteRunner.java:455)
  org.testng.SuiteRunner.runSequentially(SuiteRunner.java:450)
  org.testng.SuiteRunner.privateRun(SuiteRunner.java:415)
  org.testng.SuiteRunner.run(SuiteRunner.java:364)
  org.testng.SuiteRunnerWorker.runSuite(SuiteRunnerWorker.java:52)
  org.testng.SuiteRunnerWorker.run(SuiteRunnerWorker.java:84)
  org.testng.TestNG.runSuitesSequentially(TestNG.java:1187)
  org.testng.TestNG.runSuitesLocally(TestNG.java:1116)
  org.testng.TestNG.runSuites(TestNG.java:1028)
  org.testng.TestNG.run(TestNG.java:996)
  org.testng.IDEARemoteTestNG.run(IDEARemoteTestNG.java:72)
  org.testng.RemoteTestNGStarter.main(RemoteTestNGStarter.java:123)
]]>
      </failure>

          </testcase>
  
  
            <testcase name="warningMessage" time="18.680" classname="com.summersoft.ctt.yycx.test.OrderCenter" />
                <testcase name="driverComplaint" time="28.660" classname="com.summersoft.ctt.yycx.test.OrderCenter" />
                <testcase name="orderSearch" time="19.387" classname="com.summersoft.ctt.yycx.test.OrderCenter" />
      
</testsuite>
