<?xml version="1.0" encoding="UTF-8"?>
<testsuite name="chromeTest"
           tests="5"
           failures="2"
           errors="0"
           skipped="0"
           time="92.140">
  <properties />
            <testcase name="feedbackDeal" time="19.605" classname="com.summersoft.ctt.yycx.test.InformationPublicCenter">
                <failure type="org.openqa.selenium.WebDriverException"
                  message="java.net.ConnectException: Failed to connect to localhost/0:0:0:0:0:0:0:1:29432
Build info: version: &apos;3.11.0&apos;, revision: &apos;e59cfb3&apos;, time: &apos;2018-03-11T20:26:55.152Z&apos;
System info: host: &apos;EDZ-20171129AOU&apos;, ip: &apos;192.168.56.1&apos;, os.name: &apos;Windows 7&apos;, os.arch: &apos;x86&apos;, os.version: &apos;6.1&apos;, java.version: &apos;1.8.0_144&apos;
Driver info: driver.version: RemoteWebDriver"
              >
<![CDATA[org.openqa.selenium.WebDriverException: java.net.ConnectException: Failed to connect to localhost/0:0:0:0:0:0:0:1:29432
Build info: version: '3.11.0', revision: 'e59cfb3', time: '2018-03-11T20:26:55.152Z'
System info: host: 'EDZ-20171129AOU', ip: '192.168.56.1', os.name: 'Windows 7', os.arch: 'x86', os.version: '6.1', java.version: '1.8.0_144'
Driver info: driver.version: RemoteWebDriver
  org.openqa.selenium.remote.service.DriverCommandExecutor.execute(DriverCommandExecutor.java:92)
  org.openqa.selenium.remote.RemoteWebDriver.execute(RemoteWebDriver.java:545)
  org.openqa.selenium.remote.RemoteWebElement.execute(RemoteWebElement.java:279)
  org.openqa.selenium.remote.RemoteWebElement.getTagName(RemoteWebElement.java:122)
  org.openqa.selenium.support.ui.Select.<init>(Select.java:44)
  com.summersoft.ctt.yycx.test.InformationPublicCenter.feedbackDeal(InformationPublicCenter.java:99)
  sun.reflect.NativeMethodAccessorImpl.invoke0(Native Method)
  sun.reflect.NativeMethodAccessorImpl.invoke(NativeMethodAccessorImpl.java:62)
  sun.reflect.DelegatingMethodAccessorImpl.invoke(DelegatingMethodAccessorImpl.java:43)
  java.lang.reflect.Method.invoke(Method.java:498)
  org.testng.internal.MethodInvocationHelper.invokeMethod(MethodInvocationHelper.java:124)
  org.testng.internal.Invoker.invokeMethod(Invoker.java:571)
  org.testng.internal.Invoker.invokeTestMethod(Invoker.java:707)
  org.testng.internal.Invoker.invokeTestMethods(Invoker.java:979)
  org.testng.internal.TestMethodWorker.invokeTestMethods(TestMethodWorker.java:125)
  org.testng.internal.TestMethodWorker.run(TestMethodWorker.java:109)
  org.testng.TestRunner.privateRun(TestRunner.java:648)
  org.testng.TestRunner.run(TestRunner.java:505)
  org.testng.SuiteRunner.runTest(SuiteRunner.java:455)
  org.testng.SuiteRunner.runSequentially(SuiteRunner.java:450)
  org.testng.SuiteRunner.privateRun(SuiteRunner.java:415)
  org.testng.SuiteRunner.run(SuiteRunner.java:364)
  org.testng.SuiteRunnerWorker.runSuite(SuiteRunnerWorker.java:52)
  org.testng.SuiteRunnerWorker.run(SuiteRunnerWorker.java:84)
  org.testng.TestNG.runSuitesSequentially(TestNG.java:1187)
  org.testng.TestNG.runSuitesLocally(TestNG.java:1116)
  org.testng.TestNG.runSuites(TestNG.java:1028)
  org.testng.TestNG.run(TestNG.java:996)
  org.testng.IDEARemoteTestNG.run(IDEARemoteTestNG.java:72)
  org.testng.RemoteTestNGStarter.main(RemoteTestNGStarter.java:123)
Caused by: java.net.ConnectException: Failed to connect to localhost/0:0:0:0:0:0:0:1:29432
  okhttp3.internal.connection.RealConnection.connectSocket(RealConnection.java:240)
  okhttp3.internal.connection.RealConnection.connect(RealConnection.java:158)
  okhttp3.internal.connection.StreamAllocation.findConnection(StreamAllocation.java:256)
  okhttp3.internal.connection.StreamAllocation.findHealthyConnection(StreamAllocation.java:134)
  okhttp3.internal.connection.StreamAllocation.newStream(StreamAllocation.java:113)
  okhttp3.internal.connection.ConnectInterceptor.intercept(ConnectInterceptor.java:42)
  okhttp3.internal.http.RealInterceptorChain.proceed(RealInterceptorChain.java:147)
  okhttp3.internal.http.RealInterceptorChain.proceed(RealInterceptorChain.java:121)
  okhttp3.internal.cache.CacheInterceptor.intercept(CacheInterceptor.java:93)
  okhttp3.internal.http.RealInterceptorChain.proceed(RealInterceptorChain.java:147)
  okhttp3.internal.http.RealInterceptorChain.proceed(RealInterceptorChain.java:121)
  okhttp3.internal.http.BridgeInterceptor.intercept(BridgeInterceptor.java:93)
  okhttp3.internal.http.RealInterceptorChain.proceed(RealInterceptorChain.java:147)
  okhttp3.internal.http.RetryAndFollowUpInterceptor.intercept(RetryAndFollowUpInterceptor.java:125)
  okhttp3.internal.http.RealInterceptorChain.proceed(RealInterceptorChain.java:147)
  okhttp3.internal.http.RealInterceptorChain.proceed(RealInterceptorChain.java:121)
  okhttp3.RealCall.getResponseWithInterceptorChain(RealCall.java:200)
  okhttp3.RealCall.execute(RealCall.java:77)
  org.openqa.selenium.remote.internal.OkHttpClient.execute(OkHttpClient.java:101)
  org.openqa.selenium.remote.HttpCommandExecutor.execute(HttpCommandExecutor.java:155)
  org.openqa.selenium.remote.service.DriverCommandExecutor.execute(DriverCommandExecutor.java:83)
  org.openqa.selenium.remote.RemoteWebDriver.execute(RemoteWebDriver.java:545)
  org.openqa.selenium.remote.RemoteWebElement.execute(RemoteWebElement.java:279)
  org.openqa.selenium.remote.RemoteWebElement.getTagName(RemoteWebElement.java:122)
  org.openqa.selenium.support.ui.Select.<init>(Select.java:44)
  com.summersoft.ctt.yycx.test.InformationPublicCenter.feedbackDeal(InformationPublicCenter.java:99)
  sun.reflect.NativeMethodAccessorImpl.invoke0(Native Method)
  sun.reflect.NativeMethodAccessorImpl.invoke(NativeMethodAccessorImpl.java:62)
  sun.reflect.DelegatingMethodAccessorImpl.invoke(DelegatingMethodAccessorImpl.java:43)
  java.lang.reflect.Method.invoke(Method.java:498)
  org.testng.internal.MethodInvocationHelper.invokeMethod(MethodInvocationHelper.java:124)
  org.testng.internal.Invoker.invokeMethod(Invoker.java:571)
  org.testng.internal.Invoker.invokeTestMethod(Invoker.java:707)
  org.testng.internal.Invoker.invokeTestMethods(Invoker.java:979)
  org.testng.internal.TestMethodWorker.invokeTestMethods(TestMethodWorker.java:125)
  org.testng.internal.TestMethodWorker.run(TestMethodWorker.java:109)
  org.testng.TestRunner.privateRun(TestRunner.java:648)
  org.testng.TestRunner.run(TestRunner.java:505)
  org.testng.SuiteRunner.runTest(SuiteRunner.java:455)
  org.testng.SuiteRunner.runSequentially(SuiteRunner.java:450)
  org.testng.SuiteRunner.privateRun(SuiteRunner.java:415)
  org.testng.SuiteRunner.run(SuiteRunner.java:364)
  org.testng.SuiteRunnerWorker.runSuite(SuiteRunnerWorker.java:52)
  org.testng.SuiteRunnerWorker.run(SuiteRunnerWorker.java:84)
  org.testng.TestNG.runSuitesSequentially(TestNG.java:1187)
  org.testng.TestNG.runSuitesLocally(TestNG.java:1116)
  org.testng.TestNG.runSuites(TestNG.java:1028)
  org.testng.TestNG.run(TestNG.java:996)
  org.testng.IDEARemoteTestNG.run(IDEARemoteTestNG.java:72)
  org.testng.RemoteTestNGStarter.main(RemoteTestNGStarter.java:123)
Caused by: java.net.ConnectException: Connection refused: connect
  java.net.DualStackPlainSocketImpl.waitForConnect(Native Method)
  java.net.DualStackPlainSocketImpl.socketConnect(DualStackPlainSocketImpl.java:85)
  java.net.AbstractPlainSocketImpl.doConnect(AbstractPlainSocketImpl.java:350)
  java.net.AbstractPlainSocketImpl.connectToAddress(AbstractPlainSocketImpl.java:206)
  java.net.AbstractPlainSocketImpl.connect(AbstractPlainSocketImpl.java:188)
  java.net.PlainSocketImpl.connect(PlainSocketImpl.java:172)
  java.net.SocksSocketImpl.connect(SocksSocketImpl.java:392)
  java.net.Socket.connect(Socket.java:589)
  okhttp3.internal.platform.Platform.connectSocket(Platform.java:125)
  okhttp3.internal.connection.RealConnection.connectSocket(RealConnection.java:238)
  okhttp3.internal.connection.RealConnection.connect(RealConnection.java:158)
  okhttp3.internal.connection.StreamAllocation.findConnection(StreamAllocation.java:256)
  okhttp3.internal.connection.StreamAllocation.findHealthyConnection(StreamAllocation.java:134)
  okhttp3.internal.connection.StreamAllocation.newStream(StreamAllocation.java:113)
  okhttp3.internal.connection.ConnectInterceptor.intercept(ConnectInterceptor.java:42)
  okhttp3.internal.http.RealInterceptorChain.proceed(RealInterceptorChain.java:147)
  okhttp3.internal.http.RealInterceptorChain.proceed(RealInterceptorChain.java:121)
  okhttp3.internal.cache.CacheInterceptor.intercept(CacheInterceptor.java:93)
  okhttp3.internal.http.RealInterceptorChain.proceed(RealInterceptorChain.java:147)
  okhttp3.internal.http.RealInterceptorChain.proceed(RealInterceptorChain.java:121)
  okhttp3.internal.http.BridgeInterceptor.intercept(BridgeInterceptor.java:93)
  okhttp3.internal.http.RealInterceptorChain.proceed(RealInterceptorChain.java:147)
  okhttp3.internal.http.RetryAndFollowUpInterceptor.intercept(RetryAndFollowUpInterceptor.java:125)
  okhttp3.internal.http.RealInterceptorChain.proceed(RealInterceptorChain.java:147)
  okhttp3.internal.http.RealInterceptorChain.proceed(RealInterceptorChain.java:121)
  okhttp3.RealCall.getResponseWithInterceptorChain(RealCall.java:200)
  okhttp3.RealCall.execute(RealCall.java:77)
  org.openqa.selenium.remote.internal.OkHttpClient.execute(OkHttpClient.java:101)
  org.openqa.selenium.remote.HttpCommandExecutor.execute(HttpCommandExecutor.java:155)
  org.openqa.selenium.remote.service.DriverCommandExecutor.execute(DriverCommandExecutor.java:83)
  org.openqa.selenium.remote.RemoteWebDriver.execute(RemoteWebDriver.java:545)
  org.openqa.selenium.remote.RemoteWebElement.execute(RemoteWebElement.java:279)
  org.openqa.selenium.remote.RemoteWebElement.getTagName(RemoteWebElement.java:122)
  org.openqa.selenium.support.ui.Select.<init>(Select.java:44)
  com.summersoft.ctt.yycx.test.InformationPublicCenter.feedbackDeal(InformationPublicCenter.java:99)
  sun.reflect.NativeMethodAccessorImpl.invoke0(Native Method)
  sun.reflect.NativeMethodAccessorImpl.invoke(NativeMethodAccessorImpl.java:62)
  sun.reflect.DelegatingMethodAccessorImpl.invoke(DelegatingMethodAccessorImpl.java:43)
  java.lang.reflect.Method.invoke(Method.java:498)
  org.testng.internal.MethodInvocationHelper.invokeMethod(MethodInvocationHelper.java:124)
  org.testng.internal.Invoker.invokeMethod(Invoker.java:571)
  org.testng.internal.Invoker.invokeTestMethod(Invoker.java:707)
  org.testng.internal.Invoker.invokeTestMethods(Invoker.java:979)
  org.testng.internal.TestMethodWorker.invokeTestMethods(TestMethodWorker.java:125)
  org.testng.internal.TestMethodWorker.run(TestMethodWorker.java:109)
  org.testng.TestRunner.privateRun(TestRunner.java:648)
  org.testng.TestRunner.run(TestRunner.java:505)
  org.testng.SuiteRunner.runTest(SuiteRunner.java:455)
  org.testng.SuiteRunner.runSequentially(SuiteRunner.java:450)
  org.testng.SuiteRunner.privateRun(SuiteRunner.java:415)
  org.testng.SuiteRunner.run(SuiteRunner.java:364)
  org.testng.SuiteRunnerWorker.runSuite(SuiteRunnerWorker.java:52)
  org.testng.SuiteRunnerWorker.run(SuiteRunnerWorker.java:84)
  org.testng.TestNG.runSuitesSequentially(TestNG.java:1187)
  org.testng.TestNG.runSuitesLocally(TestNG.java:1116)
  org.testng.TestNG.runSuites(TestNG.java:1028)
  org.testng.TestNG.run(TestNG.java:996)
  org.testng.IDEARemoteTestNG.run(IDEARemoteTestNG.java:72)
  org.testng.RemoteTestNGStarter.main(RemoteTestNGStarter.java:123)
]]>
      </failure>

          </testcase>
            <testcase name="articleAdd" time="12.227" classname="com.summersoft.ctt.yycx.test.InformationPublicCenter">
                <failure type="org.openqa.selenium.NoSuchFrameException"
                  message="Unable to locate frame: bb02a7af-60f5-4b8c-b3d2-b548503952be
Build info: version: &apos;3.11.0&apos;, revision: &apos;e59cfb3&apos;, time: &apos;2018-03-11T20:26:55.152Z&apos;
System info: host: &apos;EDZ-20171129AOU&apos;, ip: &apos;192.168.56.1&apos;, os.name: &apos;Windows 7&apos;, os.arch: &apos;x86&apos;, os.version: &apos;6.1&apos;, java.version: &apos;1.8.0_144&apos;
Driver info: org.openqa.selenium.firefox.FirefoxDriver
Capabilities {acceptInsecureCerts: true, browserName: firefox, browserVersion: 59.0.3, javascriptEnabled: true, moz:accessibilityChecks: false, moz:headless: false, moz:processID: 12152, moz:profile: C:\Users\Administrator\AppD..., moz:useNonSpecCompliantPointerOrigin: false, moz:webdriverClick: true, pageLoadStrategy: normal, platform: XP, platformName: XP, platformVersion: 6.1, rotatable: false, timeouts: {implicit: 0, pageLoad: 300000, script: 30000}}
Session ID: 51fce63f-5d68-416e-a8bb-21d23db1e1a8"
              >
<![CDATA[org.openqa.selenium.NoSuchFrameException: Unable to locate frame: bb02a7af-60f5-4b8c-b3d2-b548503952be
Build info: version: '3.11.0', revision: 'e59cfb3', time: '2018-03-11T20:26:55.152Z'
System info: host: 'EDZ-20171129AOU', ip: '192.168.56.1', os.name: 'Windows 7', os.arch: 'x86', os.version: '6.1', java.version: '1.8.0_144'
Driver info: org.openqa.selenium.firefox.FirefoxDriver
Capabilities {acceptInsecureCerts: true, browserName: firefox, browserVersion: 59.0.3, javascriptEnabled: true, moz:accessibilityChecks: false, moz:headless: false, moz:processID: 12152, moz:profile: C:\Users\Administrator\AppD..., moz:useNonSpecCompliantPointerOrigin: false, moz:webdriverClick: true, pageLoadStrategy: normal, platform: XP, platformName: XP, platformVersion: 6.1, rotatable: false, timeouts: {implicit: 0, pageLoad: 300000, script: 30000}}
Session ID: 51fce63f-5d68-416e-a8bb-21d23db1e1a8
  sun.reflect.NativeConstructorAccessorImpl.newInstance0(Native Method)
  sun.reflect.NativeConstructorAccessorImpl.newInstance(NativeConstructorAccessorImpl.java:62)
  sun.reflect.DelegatingConstructorAccessorImpl.newInstance(DelegatingConstructorAccessorImpl.java:45)
  java.lang.reflect.Constructor.newInstance(Constructor.java:423)
  org.openqa.selenium.remote.http.W3CHttpResponseCodec.createException(W3CHttpResponseCodec.java:187)
  org.openqa.selenium.remote.http.W3CHttpResponseCodec.decode(W3CHttpResponseCodec.java:122)
  org.openqa.selenium.remote.http.W3CHttpResponseCodec.decode(W3CHttpResponseCodec.java:49)
  org.openqa.selenium.remote.HttpCommandExecutor.execute(HttpCommandExecutor.java:158)
  org.openqa.selenium.remote.service.DriverCommandExecutor.execute(DriverCommandExecutor.java:83)
  org.openqa.selenium.remote.RemoteWebDriver.execute(RemoteWebDriver.java:545)
  org.openqa.selenium.remote.RemoteWebDriver$RemoteTargetLocator.frame(RemoteWebDriver.java:891)
  com.summersoft.ctt.yycx.test.InformationPublicCenter.articleAdd(InformationPublicCenter.java:132)
  sun.reflect.NativeMethodAccessorImpl.invoke0(Native Method)
  sun.reflect.NativeMethodAccessorImpl.invoke(NativeMethodAccessorImpl.java:62)
  sun.reflect.DelegatingMethodAccessorImpl.invoke(DelegatingMethodAccessorImpl.java:43)
  java.lang.reflect.Method.invoke(Method.java:498)
  org.testng.internal.MethodInvocationHelper.invokeMethod(MethodInvocationHelper.java:124)
  org.testng.internal.Invoker.invokeMethod(Invoker.java:571)
  org.testng.internal.Invoker.invokeTestMethod(Invoker.java:707)
  org.testng.internal.Invoker.invokeTestMethods(Invoker.java:979)
  org.testng.internal.TestMethodWorker.invokeTestMethods(TestMethodWorker.java:125)
  org.testng.internal.TestMethodWorker.run(TestMethodWorker.java:109)
  org.testng.TestRunner.privateRun(TestRunner.java:648)
  org.testng.TestRunner.run(TestRunner.java:505)
  org.testng.SuiteRunner.runTest(SuiteRunner.java:455)
  org.testng.SuiteRunner.runSequentially(SuiteRunner.java:450)
  org.testng.SuiteRunner.privateRun(SuiteRunner.java:415)
  org.testng.SuiteRunner.run(SuiteRunner.java:364)
  org.testng.SuiteRunnerWorker.runSuite(SuiteRunnerWorker.java:52)
  org.testng.SuiteRunnerWorker.run(SuiteRunnerWorker.java:84)
  org.testng.TestNG.runSuitesSequentially(TestNG.java:1187)
  org.testng.TestNG.runSuitesLocally(TestNG.java:1116)
  org.testng.TestNG.runSuites(TestNG.java:1028)
  org.testng.TestNG.run(TestNG.java:996)
  org.testng.IDEARemoteTestNG.run(IDEARemoteTestNG.java:72)
  org.testng.RemoteTestNGStarter.main(RemoteTestNGStarter.java:123)
]]>
      </failure>

          </testcase>
  
  
            <testcase name="articleSearch" time="11.328" classname="com.summersoft.ctt.yycx.test.InformationPublicCenter" />
                <testcase name="articleUpdate" time="31.497" classname="com.summersoft.ctt.yycx.test.InformationPublicCenter" />
                <testcase name="feedbackSearch" time="17.483" classname="com.summersoft.ctt.yycx.test.InformationPublicCenter" />
      
</testsuite>
